<?xml version="1.0" encoding="UTF-8"?>
<testng-results skipped="0" failed="0" ignored="0" total="18" passed="18">
  <reporter-output>
  </reporter-output>
  <suite name="Default suite" duration-ms="5146" started-at="2018-07-07T22:22:02Z" finished-at="2018-07-07T22:22:07Z">
    <groups>
    </groups>
    <test name="Default test" duration-ms="5146" started-at="2018-07-07T22:22:02Z" finished-at="2018-07-07T22:22:07Z">
      <class name="com.test.OWM">
        <test-method status="PASS" signature="test1()[pri:1, instance:com.test.OWM@3532ec19]" name="test1" duration-ms="2415" started-at="2018-07-07T22:22:02Z" finished-at="2018-07-07T22:22:05Z">
          <reporter-output>
          </reporter-output>
        </test-method> <!-- test1 -->
        <test-method status="PASS" signature="test2()[pri:2, instance:com.test.OWM@3532ec19]" name="test2" duration-ms="68" started-at="2018-07-07T22:22:05Z" finished-at="2018-07-07T22:22:05Z">
          <reporter-output>
          </reporter-output>
        </test-method> <!-- test2 -->
        <test-method status="PASS" signature="test3()[pri:3, instance:com.test.OWM@3532ec19]" name="test3" duration-ms="309" started-at="2018-07-07T22:22:05Z" finished-at="2018-07-07T22:22:05Z">
          <reporter-output>
          </reporter-output>
        </test-method> <!-- test3 -->
        <test-method status="PASS" signature="test4()[pri:4, instance:com.test.OWM@3532ec19]" name="test4" duration-ms="71" started-at="2018-07-07T22:22:05Z" finished-at="2018-07-07T22:22:05Z">
          <reporter-output>
          </reporter-output>
        </test-method> <!-- test4 -->
        <test-method status="PASS" signature="test5()[pri:5, instance:com.test.OWM@3532ec19]" name="test5" duration-ms="738" started-at="2018-07-07T22:22:05Z" finished-at="2018-07-07T22:22:06Z">
          <reporter-output>
          </reporter-output>
        </test-method> <!-- test5 -->
        <test-method status="PASS" signature="test6()[pri:6, instance:com.test.OWM@3532ec19]" name="test6" duration-ms="96" started-at="2018-07-07T22:22:06Z" finished-at="2018-07-07T22:22:06Z">
          <reporter-output>
          </reporter-output>
        </test-method> <!-- test6 -->
        <test-method status="PASS" signature="test7()[pri:7, instance:com.test.OWM@3532ec19]" name="test7" duration-ms="106" started-at="2018-07-07T22:22:06Z" finished-at="2018-07-07T22:22:06Z">
          <reporter-output>
          </reporter-output>
        </test-method> <!-- test7 -->
        <test-method status="PASS" signature="test8()[pri:8, instance:com.test.OWM@3532ec19]" name="test8" duration-ms="191" started-at="2018-07-07T22:22:06Z" finished-at="2018-07-07T22:22:06Z">
          <reporter-output>
          </reporter-output>
        </test-method> <!-- test8 -->
        <test-method status="PASS" signature="test9()[pri:9, instance:com.test.OWM@3532ec19]" name="test9" duration-ms="163" started-at="2018-07-07T22:22:06Z" finished-at="2018-07-07T22:22:06Z">
          <reporter-output>
          </reporter-output>
        </test-method> <!-- test9 -->
        <test-method status="PASS" signature="test10()[pri:10, instance:com.test.OWM@3532ec19]" name="test10" duration-ms="160" started-at="2018-07-07T22:22:06Z" finished-at="2018-07-07T22:22:07Z">
          <reporter-output>
          </reporter-output>
        </test-method> <!-- test10 -->
        <test-method status="PASS" signature="test11()[pri:11, instance:com.test.OWM@3532ec19]" name="test11" duration-ms="63" started-at="2018-07-07T22:22:07Z" finished-at="2018-07-07T22:22:07Z">
          <reporter-output>
          </reporter-output>
        </test-method> <!-- test11 -->
        <test-method status="PASS" signature="test12()[pri:12, instance:com.test.OWM@3532ec19]" name="test12" duration-ms="61" started-at="2018-07-07T22:22:07Z" finished-at="2018-07-07T22:22:07Z">
          <reporter-output>
          </reporter-output>
        </test-method> <!-- test12 -->
        <test-method status="PASS" signature="test13()[pri:13, instance:com.test.OWM@3532ec19]" name="test13" duration-ms="58" started-at="2018-07-07T22:22:07Z" finished-at="2018-07-07T22:22:07Z">
          <reporter-output>
          </reporter-output>
        </test-method> <!-- test13 -->
        <test-method status="PASS" signature="test14()[pri:14, instance:com.test.OWM@3532ec19]" name="test14" duration-ms="118" started-at="2018-07-07T22:22:07Z" finished-at="2018-07-07T22:22:07Z">
          <reporter-output>
          </reporter-output>
        </test-method> <!-- test14 -->
        <test-method status="PASS" signature="test15()[pri:15, instance:com.test.OWM@3532ec19]" name="test15" duration-ms="76" started-at="2018-07-07T22:22:07Z" finished-at="2018-07-07T22:22:07Z">
          <reporter-output>
          </reporter-output>
        </test-method> <!-- test15 -->
        <test-method status="PASS" signature="test16()[pri:16, instance:com.test.OWM@3532ec19]" name="test16" duration-ms="104" started-at="2018-07-07T22:22:07Z" finished-at="2018-07-07T22:22:07Z">
          <reporter-output>
          </reporter-output>
        </test-method> <!-- test16 -->
        <test-method status="PASS" signature="test17()[pri:17, instance:com.test.OWM@3532ec19]" name="test17" duration-ms="87" started-at="2018-07-07T22:22:07Z" finished-at="2018-07-07T22:22:07Z">
          <reporter-output>
          </reporter-output>
        </test-method> <!-- test17 -->
        <test-method status="PASS" signature="test18()[pri:18, instance:com.test.OWM@3532ec19]" name="test18" duration-ms="136" started-at="2018-07-07T22:22:07Z" finished-at="2018-07-07T22:22:07Z">
          <reporter-output>
          </reporter-output>
        </test-method> <!-- test18 -->
      </class> <!-- com.test.OWM -->
    </test> <!-- Default test -->
  </suite> <!-- Default suite -->
</testng-results>
