<?xml version="1.0" encoding="UTF-8"?>
<!-- Generated by org.testng.reporters.JUnitXMLReporter -->
<testsuite hostname="DESKTOP-SUJS60A" ignored="0" name="Default test" tests="18" failures="0" timestamp="07 Jul 2018 22:22:07 GMT" time="5.146" errors="0">
  <testcase name="test1" time="2.415" classname="com.test.OWM"/>
  <testcase name="test2" time="0.068" classname="com.test.OWM"/>
  <testcase name="test3" time="0.309" classname="com.test.OWM"/>
  <testcase name="test4" time="0.071" classname="com.test.OWM"/>
  <testcase name="test5" time="0.738" classname="com.test.OWM"/>
  <testcase name="test6" time="0.096" classname="com.test.OWM"/>
  <testcase name="test7" time="0.106" classname="com.test.OWM"/>
  <testcase name="test8" time="0.191" classname="com.test.OWM"/>
  <testcase name="test9" time="0.163" classname="com.test.OWM"/>
  <testcase name="test10" time="0.16" classname="com.test.OWM"/>
  <testcase name="test11" time="0.063" classname="com.test.OWM"/>
  <testcase name="test12" time="0.061" classname="com.test.OWM"/>
  <testcase name="test13" time="0.058" classname="com.test.OWM"/>
  <testcase name="test14" time="0.118" classname="com.test.OWM"/>
  <testcase name="test15" time="0.076" classname="com.test.OWM"/>
  <testcase name="test16" time="0.104" classname="com.test.OWM"/>
  <testcase name="test17" time="0.087" classname="com.test.OWM"/>
  <testcase name="test18" time="0.136" classname="com.test.OWM"/>
</testsuite> <!-- Default test -->
